<?xml version="1.0" encoding="utf-8" standalone="no"?>
<test-run id="2" testcasecount="1" result="Passed" total="1" passed="1" failed="0" inconclusive="0" skipped="0" asserts="0" engine-version="3.8.0.0" clr-version="4.0.30319.42000" start-time="2018-03-18 09:29:47Z" end-time="2018-03-18 09:29:54Z" duration="6.202796">
  <command-line><![CDATA[nunit3-console.exe  "C:\Users\HP\Documents\Visual Studio 2015\Projects\googlesearch\googlesearch\bin\Debug\googlesearch.dll"]]></command-line>
  <test-suite type="Assembly" id="0-1002" name="googlesearch.dll" fullname="C:\Users\HP\Documents\Visual Studio 2015\Projects\googlesearch\googlesearch\bin\Debug\googlesearch.dll" runstate="Runnable" testcasecount="1" result="Passed" start-time="2018-03-18 09:29:52Z" end-time="2018-03-18 09:29:53Z" duration="1.660079" total="1" passed="1" failed="0" warnings="0" inconclusive="0" skipped="0" asserts="0">
    <environment framework-version="3.10.1.0" clr-version="4.0.30319.42000" os-version="Microsoft Windows NT 6.1.7601.65536" platform="Win32NT" cwd="C:\Users\HP\Documents\Visual Studio 2015\Projects\googlesearch\packages\NUnit.ConsoleRunner.3.8.0\tools" machine-name="HP-PC" user="HP" user-domain="HP-PC" culture="en-US" uiculture="en-US" os-architecture="x64" />
    <settings>
      <setting name="DisposeRunners" value="True" />
      <setting name="WorkDirectory" value="C:\Users\HP\Documents\Visual Studio 2015\Projects\googlesearch\packages\NUnit.ConsoleRunner.3.8.0\tools" />
      <setting name="ImageRuntimeVersion" value="4.0.30319" />
      <setting name="ImageTargetFrameworkName" value=".NETFramework,Version=v4.5.2" />
      <setting name="ImageRequiresX86" value="False" />
      <setting name="ImageRequiresDefaultAppDomainAssemblyResolver" value="False" />
      <setting name="NumberOfTestWorkers" value="4" />
    </settings>
    <properties>
      <property name="_PID" value="6608" />
      <property name="_APPDOMAIN" value="domain-" />
    </properties>
    <test-suite type="TestSuite" id="0-1003" name="googlesearch" fullname="googlesearch" runstate="Runnable" testcasecount="1" result="Passed" start-time="2018-03-18 09:29:52Z" end-time="2018-03-18 09:29:53Z" duration="1.604138" total="1" passed="1" failed="0" warnings="0" inconclusive="0" skipped="0" asserts="0">
      <test-suite type="TestSuite" id="0-1004" name="Features" fullname="googlesearch.Features" runstate="Runnable" testcasecount="1" result="Passed" start-time="2018-03-18 09:29:52Z" end-time="2018-03-18 09:29:53Z" duration="1.602839" total="1" passed="1" failed="0" warnings="0" inconclusive="0" skipped="0" asserts="0">
        <test-suite type="TestFixture" id="0-1000" name="GooglesearchFeature" fullname="googlesearch.Features.GooglesearchFeature" classname="googlesearch.Features.GooglesearchFeature" runstate="Runnable" testcasecount="1" result="Passed" start-time="2018-03-18 09:29:52Z" end-time="2018-03-18 09:29:53Z" duration="1.590662" total="1" passed="1" failed="0" warnings="0" inconclusive="0" skipped="0" asserts="0">
          <properties>
            <property name="Description" value="googlesearch" />
          </properties>
          <output><![CDATA[-> Using app.config
]]></output>
          <test-case id="0-1001" name="GoogleSearchForTownsuite" fullname="googlesearch.Features.GooglesearchFeature.GoogleSearchForTownsuite" methodname="GoogleSearchForTownsuite" classname="googlesearch.Features.GooglesearchFeature" runstate="Runnable" seed="274617133" result="Passed" start-time="2018-03-18 09:29:53Z" end-time="2018-03-18 09:29:53Z" duration="0.463115" asserts="0">
            <properties>
              <property name="Description" value="google search for townsuite" />
            </properties>
            <output><![CDATA[Given I have navigate to google page
Navigate to the Google page
-> done: StepDefinition1.GivenIHaveNavigateToGooglePage() (0.0s)
]]></output>
          </test-case>
        </test-suite>
      </test-suite>
    </test-suite>
  </test-suite>
</test-run>